[LOG] System::create                           : Header version = 1.10.10. Current version = 1.10.10.
[LOG] Manager::init                            : maxchannels = 256 studioflags = 00000006 flags 00000000 extradriverdata 0000000000000000.
[LOG] SystemI::init                            : Initialize version=11010 (98815), maxchannels=256, flags=0x00020000
[LOG] SystemI::setOutputInternal               : Setting output to 'FMOD WASAPI Output'
[LOG] OutputWASAPI::init                       : Mix Format (WAVEFORMATEX): wFormatTag=0xFFFE, nChannels=2, nSamplesPerSec=48000, nAvgBytesPerSec=384000, nBlockAlign=8, wBitsPerSample=32, cbSize=22.
[LOG] OutputWASAPI::init                       : Mix Format (WAVEFORMATEXTENSIBLE): wValidBitsPerSample=32, dwChannelMask=0x00000003, SubFormat=00000003-0000-0010-8000-00AA00389B71.
[LOG] OutputWASAPI::init                       : Output buffer size: 4096 samples, latency: 0.00ms, period: 10.00ms, DSP buffer: 1024 * 4
[LOG] Thread::initThread                       : Init FMOD stream thread. Priority: 2, Stack Size: 65536, Semaphore: No, Sleep Time: 10, Looping: Yes.
[LOG] Thread::initThread                       : Init FMOD mixer thread. Priority: 3, Stack Size: 49152, Semaphore: No, Sleep Time: 0, Looping: Yes.
[LOG] AsyncManager::init                       : manager 0000000047EE0EB8 isAsync 0 updatePeriod 0.02
[LOG] AsyncManager::init                       : done
[LOG] PlaybackSystem::init                     : 
[LOG] Thread::initThread                       : Init FMOD Studio sample load thread. Priority: 0, Stack Size: 65536, Semaphore: No, Sleep Time: 1, Looping: No.
[LOG] PlaybackSystem::init                     : done
[LOG] Thread::initThread                       : Init FMOD Studio bank load thread. Priority: 0, Stack Size: 65536, Semaphore: No, Sleep Time: 1, Looping: No.
[LOG] Manager::init                            : done.
[LOG] SystemI::createSound                     : filename = C:\Users\User\Documents\GGJ-2019\GGJ19/Master Bank.bank : mode 02010082
[LOG] SystemI::createSound                     : FMOD_NONBLOCKING specified.  Putting into queue to be opened asynchronously!
[LOG] SystemI::createSound                     : setdata soundi = 000000005B4C68E8 : node = 000000004837FB50
[LOG] SystemI::createSound                     : add node to async list : head = 000000005B840DD8.  list count = 0
[LOG] AsyncThread::threadFunc                  : Starting Asynchronous operation on sound 000000005B4C68E8
[LOG] SystemI::createSoundInternal             :     Create name='C:\Users\User\Documents\GGJ-2019\GGJ19/Master Bank.bank', mode=0x02010082
[LOG] SystemI::createSoundInternal             :     exinfo->cbsize             = 232
[LOG] SystemI::createSoundInternal             :     exinfo->length             = 2762912
[LOG] SystemI::createSoundInternal             :     exinfo->fileoffset         = 76512
[LOG] SystemI::createSoundInternal             :     exinfo->numsubsounds       = 1
[LOG] SystemI::createSoundInternal             :     exinfo->inclusionlist      = 000000004837FC68
[LOG] SystemI::createSoundInternal             :     exinfo->inclusionlistnum   = 1
[LOG] SystemI::createSoundInternal             :     exinfo->suggestedsoundtype = 5
[LOG] SystemI::createSoundInternal             :     exinfo->initialseekpostype = 1
[LOG] SystemI::createSoundInternal             :     Stream 0/1: name='Intro', format=2, channels=2, frequency=48000, lengthbytes=104992, lengthpcm=493714, pcmblocksize=0, loopstart=0, loopend=0, mode=0x00000000, channelmask=0x00000000, channelorder=0, peakvolume=0.999969.
[LOG] AsyncThread::threadFunc                  : Finished Asynchronous operation on sound 000000005B4C68E8
[LOG] SoundI::getSubSound                      : sound 000000005B4C68E8.  Subsound index 0 / 1
[LOG] SoundI::release                          : Intro (000000005B4C5D18)
[LOG] SoundI::release                          :     Intro (000000005B8417E8)
[LOG] SoundI::release                          :     Intro (000000005B4C7668)
[LOG] SoundI::release                          : Intro (000000005B4C68E8)
[LOG] SoundI::release                          :     Intro (000000005B8424E8)
[LOG] SoundI::release                          :     Intro (000000005B4C5B68)
[LOG] SystemI::createSoundInternal             : Create name='', mode=0x02000202
[LOG] SystemI::createSoundInternal             : exinfo->cbsize             = 232
[LOG] SystemI::createSoundInternal             : exinfo->length             = 2762912
[LOG] SystemI::createSoundInternal             : exinfo->fileoffset         = 76512
[LOG] SystemI::createSoundInternal             : exinfo->numsubsounds       = 1
[LOG] SystemI::createSoundInternal             : exinfo->inclusionlist      = 00000000733AF5CC
[LOG] SystemI::createSoundInternal             : exinfo->inclusionlistnum   = 1
[LOG] SystemI::createSoundInternal             : exinfo->suggestedsoundtype = 5
[LOG] SystemI::createSoundInternal             : exinfo->useropen           = 00007FFC32D11100
[LOG] SystemI::createSoundInternal             : exinfo->userclose          = 00007FFC32D110D0
[LOG] SystemI::createSoundInternal             : exinfo->userread           = 00007FFC32D111D0
[LOG] SystemI::createSoundInternal             : exinfo->userseek           = 00007FFC32D11290
[LOG] SystemI::createSoundInternal             : exinfo->fileuserdata       = 000000005B9F6A88
[LOG] SystemI::createSoundInternal             : exinfo->initialseekpostype = 1
[LOG] SystemI::DSPCodecPoolRegister            : register codec pool for pool type 5
[LOG] SystemI::createSoundInternal             : Sample 0/1: name='Fly_F_Buzz_01', format=2, channels=1, frequency=48000, lengthbytes=67968, lengthpcm=378259, pcmblocksize=0, loopstart=0, loopend=0, mode=0x00000000, channelmask=0x00000000, channelorder=0, peakvolume=0.310035.
[LOG] SystemI::createSoundInternal             : Create name='', mode=0x02000202
[LOG] SystemI::createSoundInternal             : exinfo->cbsize             = 232
[LOG] SystemI::createSoundInternal             : exinfo->length             = 2762912
[LOG] SystemI::createSoundInternal             : exinfo->fileoffset         = 76512
[LOG] SystemI::createSoundInternal             : exinfo->numsubsounds       = 1
[LOG] SystemI::createSoundInternal             : exinfo->inclusionlist      = 00000000733AF5CC
[LOG] SystemI::createSoundInternal             : exinfo->inclusionlistnum   = 1
[LOG] SystemI::createSoundInternal             : exinfo->suggestedsoundtype = 5
[LOG] SystemI::createSoundInternal             : exinfo->useropen           = 00007FFC32D11100
[LOG] SystemI::createSoundInternal             : exinfo->userclose          = 00007FFC32D110D0
[LOG] SystemI::createSoundInternal             : exinfo->userread           = 00007FFC32D111D0
[LOG] SystemI::createSoundInternal             : exinfo->userseek           = 00007FFC32D11290
[LOG] SystemI::createSoundInternal             : exinfo->fileuserdata       = 000000005B9F6A88
[LOG] SystemI::createSoundInternal             : exinfo->initialseekpostype = 1
[LOG] SystemI::DSPCodecPoolRegister            : register codec pool for pool type 5
[LOG] SystemI::createSoundInternal             : Sample 0/1: name='Fly_F_Buzz_02', format=2, channels=1, frequency=48000, lengthbytes=54880, lengthpcm=300750, pcmblocksize=0, loopstart=0, loopend=0, mode=0x00000000, channelmask=0x00000000, channelorder=0, peakvolume=0.263101.
[LOG] SystemI::createSound                     : filename = C:\Users\User\Documents\GGJ-2019\GGJ19/Master Bank.bank : mode 02010082
[LOG] SystemI::createSound                     : FMOD_NONBLOCKING specified.  Putting into queue to be opened asynchronously!
[LOG] SystemI::createSound                     : setdata soundi = 000000005B4C68E8 : node = 000000004837F8B0
[LOG] SystemI::createSound                     : add node to async list : head = 000000005B840DD8.  list count = 0
[LOG] AsyncThread::threadFunc                  : Starting Asynchronous operation on sound 000000005B4C68E8
[LOG] SystemI::createSoundInternal             :     Create name='C:\Users\User\Documents\GGJ-2019\GGJ19/Master Bank.bank', mode=0x02010082
[LOG] SystemI::createSoundInternal             :     exinfo->cbsize             = 232
[LOG] SystemI::createSoundInternal             :     exinfo->length             = 2762912
[LOG] SystemI::createSoundInternal             :     exinfo->fileoffset         = 76512
[LOG] SystemI::createSoundInternal             :     exinfo->numsubsounds       = 1
[LOG] SystemI::createSoundInternal             :     exinfo->inclusionlist      = 000000004837F9C8
[LOG] SystemI::createSoundInternal             :     exinfo->inclusionlistnum   = 1
[LOG] SystemI::createSoundInternal             :     exinfo->suggestedsoundtype = 5
[LOG] SystemI::createSoundInternal             :     exinfo->initialseekpostype = 1
[LOG] SystemI::createSoundInternal             :     Stream 0/1: name='Fly_M_Buzz_03', format=2, channels=1, frequency=48000, lengthbytes=89184, lengthpcm=480867, pcmblocksize=0, loopstart=0, loopend=0, mode=0x00000000, channelmask=0x00000000, channelorder=0, peakvolume=0.352669.
[LOG] AsyncThread::threadFunc                  : Finished Asynchronous operation on sound 000000005B4C68E8
[LOG] SoundI::getSubSound                      : sound 000000005B4C68E8.  Subsound index 0 / 1
[LOG] SystemI::createSoundInternal             : Create name='', mode=0x02000202
[LOG] SystemI::createSoundInternal             : exinfo->cbsize             = 232
[LOG] SystemI::createSoundInternal             : exinfo->length             = 2762912
[LOG] SystemI::createSoundInternal             : exinfo->fileoffset         = 76512
[LOG] SystemI::createSoundInternal             : exinfo->numsubsounds       = 1
[LOG] SystemI::createSoundInternal             : exinfo->inclusionlist      = 00000000733AF5CC
[LOG] SystemI::createSoundInternal             : exinfo->inclusionlistnum   = 1
[LOG] SystemI::createSoundInternal             : exinfo->suggestedsoundtype = 5
[LOG] SystemI::createSoundInternal             : exinfo->useropen           = 00007FFC32D11100
[LOG] SystemI::createSoundInternal             : exinfo->userclose          = 00007FFC32D110D0
[LOG] SystemI::createSoundInternal             : exinfo->userread           = 00007FFC32D111D0
[LOG] SystemI::createSoundInternal             : exinfo->userseek           = 00007FFC32D11290
[LOG] SystemI::createSoundInternal             : exinfo->fileuserdata       = 000000005B6C3798
[LOG] SystemI::createSoundInternal             : exinfo->initialseekpostype = 1
[LOG] SystemI::DSPCodecPoolRegister            : register codec pool for pool type 5
[LOG] SystemI::createSoundInternal             : Sample 0/1: name='Web_Splat_02', format=2, channels=1, frequency=48000, lengthbytes=3040, lengthpcm=11090, pcmblocksize=0, loopstart=0, loopend=0, mode=0x00000000, channelmask=0x00000000, channelorder=0, peakvolume=0.442545.
[LOG] SystemI::createSoundInternal             : Create name='', mode=0x02000202
[LOG] SystemI::createSoundInternal             : exinfo->cbsize             = 232
[LOG] SystemI::createSoundInternal             : exinfo->length             = 2762912
[LOG] SystemI::createSoundInternal             : exinfo->fileoffset         = 76512
[LOG] SystemI::createSoundInternal             : exinfo->numsubsounds       = 1
[LOG] SystemI::createSoundInternal             : exinfo->inclusionlist      = 00000000733AF5CC
[LOG] SystemI::createSoundInternal             : exinfo->inclusionlistnum   = 1
[LOG] SystemI::createSoundInternal             : exinfo->suggestedsoundtype = 5
[LOG] SystemI::createSoundInternal             : exinfo->useropen           = 00007FFC32D11100
[LOG] SystemI::createSoundInternal             : exinfo->userclose          = 00007FFC32D110D0
[LOG] SystemI::createSoundInternal             : exinfo->userread           = 00007FFC32D111D0
[LOG] SystemI::createSoundInternal             : exinfo->userseek           = 00007FFC32D11290
[LOG] SystemI::createSoundInternal             : exinfo->fileuserdata       = 000000005B6C3798
[LOG] SystemI::createSoundInternal             : exinfo->initialseekpostype = 1
[LOG] SystemI::DSPCodecPoolRegister            : register codec pool for pool type 5
[LOG] SystemI::createSoundInternal             : Sample 0/1: name='Web_Splat_03', format=2, channels=1, frequency=48000, lengthbytes=4896, lengthpcm=17080, pcmblocksize=0, loopstart=0, loopend=0, mode=0x00000000, channelmask=0x00000000, channelorder=0, peakvolume=0.476292.
[LOG] SystemI::createSoundInternal             : Create name='', mode=0x02000202
[LOG] SystemI::createSoundInternal             : exinfo->cbsize             = 232
[LOG] SystemI::createSoundInternal             : exinfo->length             = 2762912
[LOG] SystemI::createSoundInternal             : exinfo->fileoffset         = 76512
[LOG] SystemI::createSoundInternal             : exinfo->numsubsounds       = 1
[LOG] SystemI::createSoundInternal             : exinfo->inclusionlist      = 00000000733AF5CC
[LOG] SystemI::createSoundInternal             : exinfo->inclusionlistnum   = 1
[LOG] SystemI::createSoundInternal             : exinfo->suggestedsoundtype = 5
[LOG] SystemI::createSoundInternal             : exinfo->useropen           = 00007FFC32D11100
[LOG] SystemI::createSoundInternal             : exinfo->userclose          = 00007FFC32D110D0
[LOG] SystemI::createSoundInternal             : exinfo->userread           = 00007FFC32D111D0
[LOG] SystemI::createSoundInternal             : exinfo->userseek           = 00007FFC32D11290
[LOG] SystemI::createSoundInternal             : exinfo->fileuserdata       = 000000005B6C3798
[LOG] SystemI::createSoundInternal             : exinfo->initialseekpostype = 1
[LOG] SystemI::DSPCodecPoolRegister            : register codec pool for pool type 5
[LOG] SystemI::createSoundInternal             : Sample 0/1: name='Web_Splat_01', format=2, channels=1, frequency=48000, lengthbytes=3264, lengthpcm=12891, pcmblocksize=0, loopstart=0, loopend=0, mode=0x00000000, channelmask=0x00000000, channelorder=0, peakvolume=0.343193.
[LOG] AsyncThread::threadFunc                  : Starting Asynchronous operation on sound 000000005B4C6C48
[LOG] AsyncThread::threadFunc                  : Finished Asynchronous operation on sound 000000005B4C6C48
[LOG] SystemI::createSound                     : filename = C:\Users\User\Documents\GGJ-2019\GGJ19/Master Bank.bank : mode 02010082
[LOG] SystemI::createSound                     : FMOD_NONBLOCKING specified.  Putting into queue to be opened asynchronously!
[LOG] SystemI::createSound                     : setdata soundi = 000000005B4C6DF8 : node = 000000004837F220
[LOG] SystemI::createSound                     : add node to async list : head = 000000005B840DD8.  list count = 0
[LOG] AsyncThread::threadFunc                  : Starting Asynchronous operation on sound 000000005B4C6DF8
[LOG] SystemI::createSoundInternal             :     Create name='C:\Users\User\Documents\GGJ-2019\GGJ19/Master Bank.bank', mode=0x02010082
[LOG] SystemI::createSoundInternal             :     exinfo->cbsize             = 232
[LOG] SystemI::createSoundInternal             :     exinfo->length             = 2762912
[LOG] SystemI::createSoundInternal             :     exinfo->fileoffset         = 76512
[LOG] SystemI::createSoundInternal             :     exinfo->numsubsounds       = 1
[LOG] SystemI::createSoundInternal             :     exinfo->inclusionlist      = 000000004837F338
[LOG] SystemI::createSoundInternal             :     exinfo->inclusionlistnum   = 1
[LOG] SystemI::createSoundInternal             :     exinfo->suggestedsoundtype = 5
[LOG] SystemI::createSoundInternal             :     exinfo->initialseekpostype = 1
[LOG] SystemI::createSoundInternal             :     Stream 0/1: name='Fly_M_Buzz_02', format=2, channels=1, frequency=48000, lengthbytes=87072, lengthpcm=466581, pcmblocksize=0, loopstart=0, loopend=0, mode=0x00000000, channelmask=0x00000000, channelorder=0, peakvolume=0.398306.
[LOG] AsyncThread::threadFunc                  : Finished Asynchronous operation on sound 000000005B4C6DF8
[LOG] SoundI::getSubSound                      : sound 000000005B4C6DF8.  Subsound index 0 / 1
[LOG] AsyncThread::threadFunc                  : Starting Asynchronous operation on sound 000000005B4C7668
[LOG] AsyncThread::threadFunc                  : Finished Asynchronous operation on sound 000000005B4C7668
[LOG] SystemI::createSound                     : filename = C:\Users\User\Documents\GGJ-2019\GGJ19/Master Bank.bank : mode 02010082
[LOG] SystemI::createSound                     : FMOD_NONBLOCKING specified.  Putting into queue to be opened asynchronously!
[LOG] SystemI::createSound                     : setdata soundi = 000000005B4C5B68 : node = 000000004837E260
[LOG] SystemI::createSound                     : add node to async list : head = 000000005B840DD8.  list count = 0
[LOG] AsyncThread::threadFunc                  : Starting Asynchronous operation on sound 000000005B4C5B68
[LOG] SystemI::createSoundInternal             :     Create name='C:\Users\User\Documents\GGJ-2019\GGJ19/Master Bank.bank', mode=0x02010082
[LOG] SystemI::createSoundInternal             :     exinfo->cbsize             = 232
[LOG] SystemI::createSoundInternal             :     exinfo->length             = 2762912
[LOG] SystemI::createSoundInternal             :     exinfo->fileoffset         = 76512
[LOG] SystemI::createSoundInternal             :     exinfo->numsubsounds       = 1
[LOG] SystemI::createSoundInternal             :     exinfo->inclusionlist      = 000000004837E378
[LOG] SystemI::createSoundInternal             :     exinfo->inclusionlistnum   = 1
[LOG] SystemI::createSoundInternal             :     exinfo->suggestedsoundtype = 5
[LOG] SystemI::createSoundInternal             :     exinfo->initialseekpostype = 1
[LOG] SystemI::createSoundInternal             :     Stream 0/1: name='Fly_M_Buzz_01', format=2, channels=1, frequency=48000, lengthbytes=81248, lengthpcm=450160, pcmblocksize=0, loopstart=0, loopend=0, mode=0x00000000, channelmask=0x00000000, channelorder=0, peakvolume=0.352464.
[LOG] AsyncThread::threadFunc                  : Finished Asynchronous operation on sound 000000005B4C5B68
[LOG] SoundI::getSubSound                      : sound 000000005B4C5B68.  Subsound index 0 / 1
[LOG] AsyncThread::threadFunc                  : Starting Asynchronous operation on sound 000000005B4C7308
[LOG] AsyncThread::threadFunc                  : Finished Asynchronous operation on sound 000000005B4C7308
[LOG] SystemI::createSound                     : filename = C:\Users\User\Documents\GGJ-2019\GGJ19/Master Bank.bank : mode 02010082
[LOG] SystemI::createSound                     : FMOD_NONBLOCKING specified.  Putting into queue to be opened asynchronously!
[LOG] SystemI::createSound                     : setdata soundi = 000000005B4C5D18 : node = 000000004837F370
[LOG] SystemI::createSound                     : add node to async list : head = 000000005B840DD8.  list count = 0
[LOG] AsyncThread::threadFunc                  : Starting Asynchronous operation on sound 000000005B4C5D18
[LOG] SystemI::createSoundInternal             :     Create name='C:\Users\User\Documents\GGJ-2019\GGJ19/Master Bank.bank', mode=0x02010082
[LOG] SystemI::createSoundInternal             :     exinfo->cbsize             = 232
[LOG] SystemI::createSoundInternal             :     exinfo->length             = 2762912
[LOG] SystemI::createSoundInternal             :     exinfo->fileoffset         = 76512
[LOG] SystemI::createSoundInternal             :     exinfo->numsubsounds       = 1
[LOG] SystemI::createSoundInternal             :     exinfo->inclusionlist      = 000000004837F488
[LOG] SystemI::createSoundInternal             :     exinfo->inclusionlistnum   = 1
[LOG] SystemI::createSoundInternal             :     exinfo->suggestedsoundtype = 5
[LOG] SystemI::createSoundInternal             :     exinfo->initialseekpostype = 1
[LOG] SystemI::createSoundInternal             :     Stream 0/1: name='Fly_M_Buzz_03', format=2, channels=1, frequency=48000, lengthbytes=89184, lengthpcm=480867, pcmblocksize=0, loopstart=0, loopend=0, mode=0x00000000, channelmask=0x00000000, channelorder=0, peakvolume=0.352669.
[LOG] AsyncThread::threadFunc                  : Finished Asynchronous operation on sound 000000005B4C5D18
[LOG] SoundI::getSubSound                      : sound 000000005B4C5D18.  Subsound index 0 / 1
[LOG] AsyncThread::threadFunc                  : Starting Asynchronous operation on sound 000000004821C9D8
[LOG] AsyncThread::threadFunc                  : Finished Asynchronous operation on sound 000000004821C9D8
[LOG] SystemI::createSoundInternal             : Create name='', mode=0x02000202
[LOG] SystemI::createSoundInternal             : exinfo->cbsize             = 232
[LOG] SystemI::createSoundInternal             : exinfo->length             = 2762912
[LOG] SystemI::createSoundInternal             : exinfo->fileoffset         = 76512
[LOG] SystemI::createSoundInternal             : exinfo->numsubsounds       = 1
[LOG] SystemI::createSoundInternal             : exinfo->inclusionlist      = 00000000733AF5CC
[LOG] SystemI::createSoundInternal             : exinfo->inclusionlistnum   = 1
[LOG] SystemI::createSoundInternal             : exinfo->suggestedsoundtype = 5
[LOG] SystemI::createSoundInternal             : exinfo->useropen           = 00007FFC32D11100
[LOG] SystemI::createSoundInternal             : exinfo->userclose          = 00007FFC32D110D0
[LOG] SystemI::createSoundInternal             : exinfo->userread           = 00007FFC32D111D0
[LOG] SystemI::createSoundInternal             : exinfo->userseek           = 00007FFC32D11290
[LOG] SystemI::createSoundInternal             : exinfo->fileuserdata       = 000000005C721898
[LOG] SystemI::createSoundInternal             : exinfo->initialseekpostype = 1
[LOG] SystemI::DSPCodecPoolRegister            : register codec pool for pool type 5
[LOG] SystemI::createSoundInternal             : Sample 0/1: name='Fly_M_Struggle_07', format=2, channels=1, frequency=48000, lengthbytes=15424, lengthpcm=88333, pcmblocksize=0, loopstart=0, loopend=0, mode=0x00000000, channelmask=0x00000000, channelorder=0, peakvolume=0.610753.
[LOG] SystemI::createSoundInternal             : Create name='', mode=0x02000202
[LOG] SystemI::createSoundInternal             : exinfo->cbsize             = 232
[LOG] SystemI::createSoundInternal             : exinfo->length             = 2762912
[LOG] SystemI::createSoundInternal             : exinfo->fileoffset         = 76512
[LOG] SystemI::createSoundInternal             : exinfo->numsubsounds       = 1
[LOG] SystemI::createSoundInternal             : exinfo->inclusionlist      = 00000000733AF5CC
[LOG] SystemI::createSoundInternal             : exinfo->inclusionlistnum   = 1
[LOG] SystemI::createSoundInternal             : exinfo->suggestedsoundtype = 5
[LOG] SystemI::createSoundInternal             : exinfo->useropen           = 00007FFC32D11100
[LOG] SystemI::createSoundInternal             : exinfo->userclose          = 00007FFC32D110D0
[LOG] SystemI::createSoundInternal             : exinfo->userread           = 00007FFC32D111D0
[LOG] SystemI::createSoundInternal             : exinfo->userseek           = 00007FFC32D11290
[LOG] SystemI::createSoundInternal             : exinfo->fileuserdata       = 000000005C721898
[LOG] SystemI::createSoundInternal             : exinfo->initialseekpostype = 1
[LOG] SystemI::DSPCodecPoolRegister            : register codec pool for pool type 5
[LOG] SystemI::createSoundInternal             : Sample 0/1: name='Fly_M_Struggle_03', format=2, channels=1, frequency=48000, lengthbytes=11808, lengthpcm=62725, pcmblocksize=0, loopstart=0, loopend=0, mode=0x00000000, channelmask=0x00000000, channelorder=0, peakvolume=0.395651.
[LOG] SystemI::createSoundInternal             : Create name='', mode=0x02000202
[LOG] SystemI::createSoundInternal             : exinfo->cbsize             = 232
[LOG] SystemI::createSoundInternal             : exinfo->length             = 2762912
[LOG] SystemI::createSoundInternal             : exinfo->fileoffset         = 76512
[LOG] SystemI::createSoundInternal             : exinfo->numsubsounds       = 1
[LOG] SystemI::createSoundInternal             : exinfo->inclusionlist      = 00000000733AF5CC
[LOG] SystemI::createSoundInternal             : exinfo->inclusionlistnum   = 1
[LOG] SystemI::createSoundInternal             : exinfo->suggestedsoundtype = 5
[LOG] SystemI::createSoundInternal             : exinfo->useropen           = 00007FFC32D11100
[LOG] SystemI::createSoundInternal             : exinfo->userclose          = 00007FFC32D110D0
[LOG] SystemI::createSoundInternal             : exinfo->userread           = 00007FFC32D111D0
[LOG] SystemI::createSoundInternal             : exinfo->userseek           = 00007FFC32D11290
[LOG] SystemI::createSoundInternal             : exinfo->fileuserdata       = 000000005C721898
[LOG] SystemI::createSoundInternal             : exinfo->initialseekpostype = 1
[LOG] SystemI::DSPCodecPoolRegister            : register codec pool for pool type 5
[LOG] SystemI::createSoundInternal             : Sample 0/1: name='Fly_M_Struggle_02', format=2, channels=1, frequency=48000, lengthbytes=9728, lengthpcm=50421, pcmblocksize=0, loopstart=0, loopend=0, mode=0x00000000, channelmask=0x00000000, channelorder=0, peakvolume=0.405212.
[LOG] SystemI::createSoundInternal             : Create name='', mode=0x02000202
[LOG] SystemI::createSoundInternal             : exinfo->cbsize             = 232
[LOG] SystemI::createSoundInternal             : exinfo->length             = 2762912
[LOG] SystemI::createSoundInternal             : exinfo->fileoffset         = 76512
[LOG] SystemI::createSoundInternal             : exinfo->numsubsounds       = 1
[LOG] SystemI::createSoundInternal             : exinfo->inclusionlist      = 00000000733AF5CC
[LOG] SystemI::createSoundInternal             : exinfo->inclusionlistnum   = 1
[LOG] SystemI::createSoundInternal             : exinfo->suggestedsoundtype = 5
[LOG] SystemI::createSoundInternal             : exinfo->useropen           = 00007FFC32D11100
[LOG] SystemI::createSoundInternal             : exinfo->userclose          = 00007FFC32D110D0
[LOG] SystemI::createSoundInternal             : exinfo->userread           = 00007FFC32D111D0
[LOG] SystemI::createSoundInternal             : exinfo->userseek           = 00007FFC32D11290
[LOG] SystemI::createSoundInternal             : exinfo->fileuserdata       = 000000005C721898
[LOG] SystemI::createSoundInternal             : exinfo->initialseekpostype = 1
[LOG] SystemI::DSPCodecPoolRegister            : register codec pool for pool type 5
[LOG] SystemI::createSoundInternal             : Sample 0/1: name='Fly_F_Struggle_03', format=2, channels=1, frequency=48000, lengthbytes=21088, lengthpcm=123667, pcmblocksize=0, loopstart=0, loopend=0, mode=0x00000000, channelmask=0x00000000, channelorder=0, peakvolume=0.189143.
[LOG] SystemI::createSoundInternal             : Create name='', mode=0x02000202
[LOG] SystemI::createSoundInternal             : exinfo->cbsize             = 232
[LOG] SystemI::createSoundInternal             : exinfo->length             = 2762912
[LOG] SystemI::createSoundInternal             : exinfo->fileoffset         = 76512
[LOG] SystemI::createSoundInternal             : exinfo->numsubsounds       = 1
[LOG] SystemI::createSoundInternal             : exinfo->inclusionlist      = 00000000733AF5CC
[LOG] SystemI::createSoundInternal             : exinfo->inclusionlistnum   = 1
[LOG] SystemI::createSoundInternal             : exinfo->suggestedsoundtype = 5
[LOG] SystemI::createSoundInternal             : exinfo->useropen           = 00007FFC32D11100
[LOG] SystemI::createSoundInternal             : exinfo->userclose          = 00007FFC32D110D0
[LOG] SystemI::createSoundInternal             : exinfo->userread           = 00007FFC32D111D0
[LOG] SystemI::createSoundInternal             : exinfo->userseek           = 00007FFC32D11290
[LOG] SystemI::createSoundInternal             : exinfo->fileuserdata       = 000000005C721898
[LOG] SystemI::createSoundInternal             : exinfo->initialseekpostype = 1
[LOG] SystemI::DSPCodecPoolRegister            : register codec pool for pool type 5
[LOG] SystemI::createSoundInternal             : Sample 0/1: name='Fly_F_Struggle_04', format=2, channels=1, frequency=48000, lengthbytes=14848, lengthpcm=82667, pcmblocksize=0, loopstart=0, loopend=0, mode=0x00000000, channelmask=0x00000000, channelorder=0, peakvolume=0.205548.
[LOG] SystemI::createSoundInternal             : Create name='', mode=0x02000202
[LOG] SystemI::createSoundInternal             : exinfo->cbsize             = 232
[LOG] SystemI::createSoundInternal             : exinfo->length             = 2762912
[LOG] SystemI::createSoundInternal             : exinfo->fileoffset         = 76512
[LOG] SystemI::createSoundInternal             : exinfo->numsubsounds       = 1
[LOG] SystemI::createSoundInternal             : exinfo->inclusionlist      = 00000000733AF5CC
[LOG] SystemI::createSoundInternal             : exinfo->inclusionlistnum   = 1
[LOG] SystemI::createSoundInternal             : exinfo->suggestedsoundtype = 5
[LOG] SystemI::createSoundInternal             : exinfo->useropen           = 00007FFC32D11100
[LOG] SystemI::createSoundInternal             : exinfo->userclose          = 00007FFC32D110D0
[LOG] SystemI::createSoundInternal             : exinfo->userread           = 00007FFC32D111D0
[LOG] SystemI::createSoundInternal             : exinfo->userseek           = 00007FFC32D11290
[LOG] SystemI::createSoundInternal             : exinfo->fileuserdata       = 000000005C721898
[LOG] SystemI::createSoundInternal             : exinfo->initialseekpostype = 1
[LOG] SystemI::DSPCodecPoolRegister            : register codec pool for pool type 5
[LOG] SystemI::createSoundInternal             : Sample 0/1: name='Fly_M_Struggle_05', format=2, channels=1, frequency=48000, lengthbytes=11136, lengthpcm=62985, pcmblocksize=0, loopstart=0, loopend=0, mode=0x00000000, channelmask=0x00000000, channelorder=0, peakvolume=0.388237.
[LOG] SystemI::createSoundInternal             : Create name='', mode=0x02000202
[LOG] SystemI::createSoundInternal             : exinfo->cbsize             = 232
[LOG] SystemI::createSoundInternal             : exinfo->length             = 2762912
[LOG] SystemI::createSoundInternal             : exinfo->fileoffset         = 76512
[LOG] SystemI::createSoundInternal             : exinfo->numsubsounds       = 1
[LOG] SystemI::createSoundInternal             : exinfo->inclusionlist      = 00000000733AF5CC
[LOG] SystemI::createSoundInternal             : exinfo->inclusionlistnum   = 1
[LOG] SystemI::createSoundInternal             : exinfo->suggestedsoundtype = 5
[LOG] SystemI::createSoundInternal             : exinfo->useropen           = 00007FFC32D11100
[LOG] SystemI::createSoundInternal             : exinfo->userclose          = 00007FFC32D110D0
[LOG] SystemI::createSoundInternal             : exinfo->userread           = 00007FFC32D111D0
[LOG] SystemI::createSoundInternal             : exinfo->userseek           = 00007FFC32D11290
[LOG] SystemI::createSoundInternal             : exinfo->fileuserdata       = 000000005C721898
[LOG] SystemI::createSoundInternal             : exinfo->initialseekpostype = 1
[LOG] SystemI::DSPCodecPoolRegister            : register codec pool for pool type 5
[LOG] SystemI::createSoundInternal             : Sample 0/1: name='Fly_M_Struggle_04', format=2, channels=1, frequency=48000, lengthbytes=4704, lengthpcm=25489, pcmblocksize=0, loopstart=0, loopend=0, mode=0x00000000, channelmask=0x00000000, channelorder=0, peakvolume=0.303725.
[LOG] SystemI::createSoundInternal             : Create name='', mode=0x02000202
[LOG] SystemI::createSoundInternal             : exinfo->cbsize             = 232
[LOG] SystemI::createSoundInternal             : exinfo->length             = 2762912
[LOG] SystemI::createSoundInternal             : exinfo->fileoffset         = 76512
[LOG] SystemI::createSoundInternal             : exinfo->numsubsounds       = 1
[LOG] SystemI::createSoundInternal             : exinfo->inclusionlist      = 00000000733AF5CC
[LOG] SystemI::createSoundInternal             : exinfo->inclusionlistnum   = 1
[LOG] SystemI::createSoundInternal             : exinfo->suggestedsoundtype = 5
[LOG] SystemI::createSoundInternal             : exinfo->useropen           = 00007FFC32D11100
[LOG] SystemI::createSoundInternal             : exinfo->userclose          = 00007FFC32D110D0
[LOG] SystemI::createSoundInternal             : exinfo->userread           = 00007FFC32D111D0
[LOG] SystemI::createSoundInternal             : exinfo->userseek           = 00007FFC32D11290
[LOG] SystemI::createSoundInternal             : exinfo->fileuserdata       = 000000005C721898
[LOG] SystemI::createSoundInternal             : exinfo->initialseekpostype = 1
[LOG] SystemI::DSPCodecPoolRegister            : register codec pool for pool type 5
[LOG] SystemI::createSoundInternal             : Sample 0/1: name='Fly_F_Struggle_05', format=2, channels=1, frequency=48000, lengthbytes=15360, lengthpcm=84333, pcmblocksize=0, loopstart=0, loopend=0, mode=0x00000000, channelmask=0x00000000, channelorder=0, peakvolume=0.241861.
[LOG] SystemI::createSoundInternal             : Create name='', mode=0x02000202
[LOG] SystemI::createSoundInternal             : exinfo->cbsize             = 232
[LOG] SystemI::createSoundInternal             : exinfo->length             = 2762912
[LOG] SystemI::createSoundInternal             : exinfo->fileoffset         = 76512
[LOG] SystemI::createSoundInternal             : exinfo->numsubsounds       = 1
[LOG] SystemI::createSoundInternal             : exinfo->inclusionlist      = 00000000733AF5CC
[LOG] SystemI::createSoundInternal             : exinfo->inclusionlistnum   = 1
[LOG] SystemI::createSoundInternal             : exinfo->suggestedsoundtype = 5
[LOG] SystemI::createSoundInternal             : exinfo->useropen           = 00007FFC32D11100
[LOG] SystemI::createSoundInternal             : exinfo->userclose          = 00007FFC32D110D0
[LOG] SystemI::createSoundInternal             : exinfo->userread           = 00007FFC32D111D0
[LOG] SystemI::createSoundInternal             : exinfo->userseek           = 00007FFC32D11290
[LOG] SystemI::createSoundInternal             : exinfo->fileuserdata       = 000000005C721898
[LOG] SystemI::createSoundInternal             : exinfo->initialseekpostype = 1
[LOG] SystemI::DSPCodecPoolRegister            : register codec pool for pool type 5
[LOG] SystemI::createSoundInternal             : Sample 0/1: name='Fly_F_Struggle_02', format=2, channels=1, frequency=48000, lengthbytes=13920, lengthpcm=77667, pcmblocksize=0, loopstart=0, loopend=0, mode=0x00000000, channelmask=0x00000000, channelorder=0, peakvolume=0.264438.
[LOG] SystemI::createSoundInternal             : Create name='', mode=0x02000202
[LOG] SystemI::createSoundInternal             : exinfo->cbsize             = 232
[LOG] SystemI::createSoundInternal             : exinfo->length             = 2762912
[LOG] SystemI::createSoundInternal             : exinfo->fileoffset         = 76512
[LOG] SystemI::createSoundInternal             : exinfo->numsubsounds       = 1
[LOG] SystemI::createSoundInternal             : exinfo->inclusionlist      = 00000000733AF5CC
[LOG] SystemI::createSoundInternal             : exinfo->inclusionlistnum   = 1
[LOG] SystemI::createSoundInternal             : exinfo->suggestedsoundtype = 5
[LOG] SystemI::createSoundInternal             : exinfo->useropen           = 00007FFC32D11100
[LOG] SystemI::createSoundInternal             : exinfo->userclose          = 00007FFC32D110D0
[LOG] SystemI::createSoundInternal             : exinfo->userread           = 00007FFC32D111D0
[LOG] SystemI::createSoundInternal             : exinfo->userseek           = 00007FFC32D11290
[LOG] SystemI::createSoundInternal             : exinfo->fileuserdata       = 000000005C721898
[LOG] SystemI::createSoundInternal             : exinfo->initialseekpostype = 1
[LOG] SystemI::DSPCodecPoolRegister            : register codec pool for pool type 5
[LOG] SystemI::createSoundInternal             : Sample 0/1: name='Fly_M_Struggle_01', format=2, channels=1, frequency=48000, lengthbytes=11360, lengthpcm=60375, pcmblocksize=0, loopstart=0, loopend=0, mode=0x00000000, channelmask=0x00000000, channelorder=0, peakvolume=0.493983.
[LOG] SystemI::createSoundInternal             : Create name='', mode=0x02000202
[LOG] SystemI::createSoundInternal             : exinfo->cbsize             = 232
[LOG] SystemI::createSoundInternal             : exinfo->length             = 2762912
[LOG] SystemI::createSoundInternal             : exinfo->fileoffset         = 76512
[LOG] SystemI::createSoundInternal             : exinfo->numsubsounds       = 1
[LOG] SystemI::createSoundInternal             : exinfo->inclusionlist      = 00000000733AF5CC
[LOG] SystemI::createSoundInternal             : exinfo->inclusionlistnum   = 1
[LOG] SystemI::createSoundInternal             : exinfo->suggestedsoundtype = 5
[LOG] SystemI::createSoundInternal             : exinfo->useropen           = 00007FFC32D11100
[LOG] SystemI::createSoundInternal             : exinfo->userclose          = 00007FFC32D110D0
[LOG] SystemI::createSoundInternal             : exinfo->userread           = 00007FFC32D111D0
[LOG] SystemI::createSoundInternal             : exinfo->userseek           = 00007FFC32D11290
[LOG] SystemI::createSoundInternal             : exinfo->fileuserdata       = 000000005C721898
[LOG] SystemI::createSoundInternal             : exinfo->initialseekpostype = 1
[LOG] SystemI::DSPCodecPoolRegister            : register codec pool for pool type 5
[LOG] SystemI::createSoundInternal             : Sample 0/1: name='Fly_F_Struggle_07', format=2, channels=1, frequency=48000, lengthbytes=24512, lengthpcm=136000, pcmblocksize=0, loopstart=0, loopend=0, mode=0x00000000, channelmask=0x00000000, channelorder=0, peakvolume=0.974575.
[LOG] SystemI::createSoundInternal             : Create name='', mode=0x02000202
[LOG] SystemI::createSoundInternal             : exinfo->cbsize             = 232
[LOG] SystemI::createSoundInternal             : exinfo->length             = 2762912
[LOG] SystemI::createSoundInternal             : exinfo->fileoffset         = 76512
[LOG] SystemI::createSoundInternal             : exinfo->numsubsounds       = 1
[LOG] SystemI::createSoundInternal             : exinfo->inclusionlist      = 00000000733AF5CC
[LOG] SystemI::createSoundInternal             : exinfo->inclusionlistnum   = 1
[LOG] SystemI::createSoundInternal             : exinfo->suggestedsoundtype = 5
[LOG] SystemI::createSoundInternal             : exinfo->useropen           = 00007FFC32D11100
[LOG] SystemI::createSoundInternal             : exinfo->userclose          = 00007FFC32D110D0
[LOG] SystemI::createSoundInternal             : exinfo->userread           = 00007FFC32D111D0
[LOG] SystemI::createSoundInternal             : exinfo->userseek           = 00007FFC32D11290
[LOG] SystemI::createSoundInternal             : exinfo->fileuserdata       = 000000005C721898
[LOG] SystemI::createSoundInternal             : exinfo->initialseekpostype = 1
[LOG] SystemI::DSPCodecPoolRegister            : register codec pool for pool type 5
[LOG] SystemI::createSoundInternal             : Sample 0/1: name='Fly_F_Struggle_01', format=2, channels=1, frequency=48000, lengthbytes=17120, lengthpcm=99098, pcmblocksize=0, loopstart=0, loopend=0, mode=0x00000000, channelmask=0x00000000, channelorder=0, peakvolume=0.160126.
[LOG] SystemI::createSoundInternal             : Create name='', mode=0x02000202
[LOG] SystemI::createSoundInternal             : exinfo->cbsize             = 232
[LOG] SystemI::createSoundInternal             : exinfo->length             = 2762912
[LOG] SystemI::createSoundInternal             : exinfo->fileoffset         = 76512
[LOG] SystemI::createSoundInternal             : exinfo->numsubsounds       = 1
[LOG] SystemI::createSoundInternal             : exinfo->inclusionlist      = 00000000733AF5CC
[LOG] SystemI::createSoundInternal             : exinfo->inclusionlistnum   = 1
[LOG] SystemI::createSoundInternal             : exinfo->suggestedsoundtype = 5
[LOG] SystemI::createSoundInternal             : exinfo->useropen           = 00007FFC32D11100
[LOG] SystemI::createSoundInternal             : exinfo->userclose          = 00007FFC32D110D0
[LOG] SystemI::createSoundInternal             : exinfo->userread           = 00007FFC32D111D0
[LOG] SystemI::createSoundInternal             : exinfo->userseek           = 00007FFC32D11290
[LOG] SystemI::createSoundInternal             : exinfo->fileuserdata       = 000000005C721898
[LOG] SystemI::createSoundInternal             : exinfo->initialseekpostype = 1
[LOG] SystemI::DSPCodecPoolRegister            : register codec pool for pool type 5
[LOG] SystemI::createSoundInternal             : Sample 0/1: name='Fly_M_Struggle_06', format=2, channels=1, frequency=48000, lengthbytes=15008, lengthpcm=84000, pcmblocksize=0, loopstart=0, loopend=0, mode=0x00000000, channelmask=0x00000000, channelorder=0, peakvolume=0.436515.
[LOG] SystemI::createSoundInternal             : Create name='', mode=0x02000202
[LOG] SystemI::createSoundInternal             : exinfo->cbsize             = 232
[LOG] SystemI::createSoundInternal             : exinfo->length             = 2762912
[LOG] SystemI::createSoundInternal             : exinfo->fileoffset         = 76512
[LOG] SystemI::createSoundInternal             : exinfo->numsubsounds       = 1
[LOG] SystemI::createSoundInternal             : exinfo->inclusionlist      = 00000000733AF5CC
[LOG] SystemI::createSoundInternal             : exinfo->inclusionlistnum   = 1
[LOG] SystemI::createSoundInternal             : exinfo->suggestedsoundtype = 5
[LOG] SystemI::createSoundInternal             : exinfo->useropen           = 00007FFC32D11100
[LOG] SystemI::createSoundInternal             : exinfo->userclose          = 00007FFC32D110D0
[LOG] SystemI::createSoundInternal             : exinfo->userread           = 00007FFC32D111D0
[LOG] SystemI::createSoundInternal             : exinfo->userseek           = 00007FFC32D11290
[LOG] SystemI::createSoundInternal             : exinfo->fileuserdata       = 000000005C721898
[LOG] SystemI::createSoundInternal             : exinfo->initialseekpostype = 1
[LOG] SystemI::DSPCodecPoolRegister            : register codec pool for pool type 5
[LOG] SystemI::createSoundInternal             : Sample 0/1: name='Fly_F_Struggle_06', format=2, channels=1, frequency=48000, lengthbytes=14080, lengthpcm=78333, pcmblocksize=0, loopstart=0, loopend=0, mode=0x00000000, channelmask=0x00000000, channelorder=0, peakvolume=0.448182.
[LOG] SystemI::createSoundInternal             : Create name='', mode=0x02000202
[LOG] SystemI::createSoundInternal             : exinfo->cbsize             = 232
[LOG] SystemI::createSoundInternal             : exinfo->length             = 2762912
[LOG] SystemI::createSoundInternal             : exinfo->fileoffset         = 76512
[LOG] SystemI::createSoundInternal             : exinfo->numsubsounds       = 1
[LOG] SystemI::createSoundInternal             : exinfo->inclusionlist      = 00000000733AF5CC
[LOG] SystemI::createSoundInternal             : exinfo->inclusionlistnum   = 1
[LOG] SystemI::createSoundInternal             : exinfo->suggestedsoundtype = 5
[LOG] SystemI::createSoundInternal             : exinfo->useropen           = 00007FFC32D11100
[LOG] SystemI::createSoundInternal             : exinfo->userclose          = 00007FFC32D110D0
[LOG] SystemI::createSoundInternal             : exinfo->userread           = 00007FFC32D111D0
[LOG] SystemI::createSoundInternal             : exinfo->userseek           = 00007FFC32D11290
[LOG] SystemI::createSoundInternal             : exinfo->fileuserdata       = 000000005C721898
[LOG] SystemI::createSoundInternal             : exinfo->initialseekpostype = 1
[LOG] SystemI::DSPCodecPoolRegister            : register codec pool for pool type 5
[LOG] SystemI::createSoundInternal             : Sample 0/1: name='Fly_M_Struggle_08', format=2, channels=1, frequency=48000, lengthbytes=12768, lengthpcm=72333, pcmblocksize=0, loopstart=0, loopend=0, mode=0x00000000, channelmask=0x00000000, channelorder=0, peakvolume=0.541824.
[LOG] SystemI::createSoundInternal             : Create name='', mode=0x02000202
[LOG] SystemI::createSoundInternal             : exinfo->cbsize             = 232
[LOG] SystemI::createSoundInternal             : exinfo->length             = 2762912
[LOG] SystemI::createSoundInternal             : exinfo->fileoffset         = 76512
[LOG] SystemI::createSoundInternal             : exinfo->numsubsounds       = 1
[LOG] SystemI::createSoundInternal             : exinfo->inclusionlist      = 00000000733AF5CC
[LOG] SystemI::createSoundInternal             : exinfo->inclusionlistnum   = 1
[LOG] SystemI::createSoundInternal             : exinfo->suggestedsoundtype = 5
[LOG] SystemI::createSoundInternal             : exinfo->useropen           = 00007FFC32D11100
[LOG] SystemI::createSoundInternal             : exinfo->userclose          = 00007FFC32D110D0
[LOG] SystemI::createSoundInternal             : exinfo->userread           = 00007FFC32D111D0
[LOG] SystemI::createSoundInternal             : exinfo->userseek           = 00007FFC32D11290
[LOG] SystemI::createSoundInternal             : exinfo->fileuserdata       = 000000005C721898
[LOG] SystemI::createSoundInternal             : exinfo->initialseekpostype = 1
[LOG] SystemI::DSPCodecPoolRegister            : register codec pool for pool type 5
[LOG] SystemI::createSoundInternal             : Sample 0/1: name='Fly_F_FoodPU_02', format=2, channels=1, frequency=48000, lengthbytes=8352, lengthpcm=44425, pcmblocksize=0, loopstart=0, loopend=0, mode=0x00000000, channelmask=0x00000000, channelorder=0, peakvolume=0.161177.
[LOG] SystemI::createSoundInternal             : Create name='', mode=0x02000202
[LOG] SystemI::createSoundInternal             : exinfo->cbsize             = 232
[LOG] SystemI::createSoundInternal             : exinfo->length             = 2762912
[LOG] SystemI::createSoundInternal             : exinfo->fileoffset         = 76512
[LOG] SystemI::createSoundInternal             : exinfo->numsubsounds       = 1
[LOG] SystemI::createSoundInternal             : exinfo->inclusionlist      = 00000000733AF5CC
[LOG] SystemI::createSoundInternal             : exinfo->inclusionlistnum   = 1
[LOG] SystemI::createSoundInternal             : exinfo->suggestedsoundtype = 5
[LOG] SystemI::createSoundInternal             : exinfo->useropen           = 00007FFC32D11100
[LOG] SystemI::createSoundInternal             : exinfo->userclose          = 00007FFC32D110D0
[LOG] SystemI::createSoundInternal             : exinfo->userread           = 00007FFC32D111D0
[LOG] SystemI::createSoundInternal             : exinfo->userseek           = 00007FFC32D11290
[LOG] SystemI::createSoundInternal             : exinfo->fileuserdata       = 000000005C721898
[LOG] SystemI::createSoundInternal             : exinfo->initialseekpostype = 1
[LOG] SystemI::DSPCodecPoolRegister            : register codec pool for pool type 5
[LOG] SystemI::createSoundInternal             : Sample 0/1: name='Fly_F_FoodPU_04', format=2, channels=1, frequency=48000, lengthbytes=6912, lengthpcm=37000, pcmblocksize=0, loopstart=0, loopend=0, mode=0x00000000, channelmask=0x00000000, channelorder=0, peakvolume=0.226994.
[LOG] SystemI::createSoundInternal             : Create name='', mode=0x02000202
[LOG] SystemI::createSoundInternal             : exinfo->cbsize             = 232
[LOG] SystemI::createSoundInternal             : exinfo->length             = 2762912
[LOG] SystemI::createSoundInternal             : exinfo->fileoffset         = 76512
[LOG] SystemI::createSoundInternal             : exinfo->numsubsounds       = 1
[LOG] SystemI::createSoundInternal             : exinfo->inclusionlist      = 00000000733AF5CC
[LOG] SystemI::createSoundInternal             : exinfo->inclusionlistnum   = 1
[LOG] SystemI::createSoundInternal             : exinfo->suggestedsoundtype = 5
[LOG] SystemI::createSoundInternal             : exinfo->useropen           = 00007FFC32D11100
[LOG] SystemI::createSoundInternal             : exinfo->userclose          = 00007FFC32D110D0
[LOG] SystemI::createSoundInternal             : exinfo->userread           = 00007FFC32D111D0
[LOG] SystemI::createSoundInternal             : exinfo->userseek           = 00007FFC32D11290
[LOG] SystemI::createSoundInternal             : exinfo->fileuserdata       = 000000005C721898
[LOG] SystemI::createSoundInternal             : exinfo->initialseekpostype = 1
[LOG] SystemI::DSPCodecPoolRegister            : register codec pool for pool type 5
[LOG] SystemI::createSoundInternal             : Sample 0/1: name='Fly_M_FoodPU_02', format=2, channels=1, frequency=48000, lengthbytes=8448, lengthpcm=43333, pcmblocksize=0, loopstart=0, loopend=0, mode=0x00000000, channelmask=0x00000000, channelorder=0, peakvolume=0.735497.
[LOG] SystemI::createSoundInternal             : Create name='', mode=0x02000202
[LOG] SystemI::createSoundInternal             : exinfo->cbsize             = 232
[LOG] SystemI::createSoundInternal             : exinfo->length             = 2762912
[LOG] SystemI::createSoundInternal             : exinfo->fileoffset         = 76512
[LOG] SystemI::createSoundInternal             : exinfo->numsubsounds       = 1
[LOG] SystemI::createSoundInternal             : exinfo->inclusionlist      = 00000000733AF5CC
[LOG] SystemI::createSoundInternal             : exinfo->inclusionlistnum   = 1
[LOG] SystemI::createSoundInternal             : exinfo->suggestedsoundtype = 5
[LOG] SystemI::createSoundInternal             : exinfo->useropen           = 00007FFC32D11100
[LOG] SystemI::createSoundInternal             : exinfo->userclose          = 00007FFC32D110D0
[LOG] SystemI::createSoundInternal             : exinfo->userread           = 00007FFC32D111D0
[LOG] SystemI::createSoundInternal             : exinfo->userseek           = 00007FFC32D11290
[LOG] SystemI::createSoundInternal             : exinfo->fileuserdata       = 000000005C721898
[LOG] SystemI::createSoundInternal             : exinfo->initialseekpostype = 1
[LOG] SystemI::DSPCodecPoolRegister            : register codec pool for pool type 5
[LOG] SystemI::createSoundInternal             : Sample 0/1: name='Fly_F_FoodPU_01', format=2, channels=1, frequency=48000, lengthbytes=7648, lengthpcm=40667, pcmblocksize=0, loopstart=0, loopend=0, mode=0x00000000, channelmask=0x00000000, channelorder=0, peakvolume=0.164101.
[LOG] SystemI::createSoundInternal             : Create name='', mode=0x02000202
[LOG] SystemI::createSoundInternal             : exinfo->cbsize             = 232
[LOG] SystemI::createSoundInternal             : exinfo->length             = 2762912
[LOG] SystemI::createSoundInternal             : exinfo->fileoffset         = 76512
[LOG] SystemI::createSoundInternal             : exinfo->numsubsounds       = 1
[LOG] SystemI::createSoundInternal             : exinfo->inclusionlist      = 00000000733AF5CC
[LOG] SystemI::createSoundInternal             : exinfo->inclusionlistnum   = 1
[LOG] SystemI::createSoundInternal             : exinfo->suggestedsoundtype = 5
[LOG] SystemI::createSoundInternal             : exinfo->useropen           = 00007FFC32D11100
[LOG] SystemI::createSoundInternal             : exinfo->userclose          = 00007FFC32D110D0
[LOG] SystemI::createSoundInternal             : exinfo->userread           = 00007FFC32D111D0
[LOG] SystemI::createSoundInternal             : exinfo->userseek           = 00007FFC32D11290
[LOG] SystemI::createSoundInternal             : exinfo->fileuserdata       = 000000005C721898
[LOG] SystemI::createSoundInternal             : exinfo->initialseekpostype = 1
[LOG] SystemI::DSPCodecPoolRegister            : register codec pool for pool type 5
[LOG] SystemI::createSoundInternal             : Sample 0/1: name='Fly_M_FoodPU_07', format=2, channels=1, frequency=48000, lengthbytes=5536, lengthpcm=30667, pcmblocksize=0, loopstart=0, loopend=0, mode=0x00000000, channelmask=0x00000000, channelorder=0, peakvolume=0.540084.
[LOG] SystemI::createSoundInternal             : Create name='', mode=0x02000202
[LOG] SystemI::createSoundInternal             : exinfo->cbsize             = 232
[LOG] SystemI::createSoundInternal             : exinfo->length             = 2762912
[LOG] SystemI::createSoundInternal             : exinfo->fileoffset         = 76512
[LOG] SystemI::createSoundInternal             : exinfo->numsubsounds       = 1
[LOG] SystemI::createSoundInternal             : exinfo->inclusionlist      = 00000000733AF5CC
[LOG] SystemI::createSoundInternal             : exinfo->inclusionlistnum   = 1
[LOG] SystemI::createSoundInternal             : exinfo->suggestedsoundtype = 5
[LOG] SystemI::createSoundInternal             : exinfo->useropen           = 00007FFC32D11100
[LOG] SystemI::createSoundInternal             : exinfo->userclose          = 00007FFC32D110D0
[LOG] SystemI::createSoundInternal             : exinfo->userread           = 00007FFC32D111D0
[LOG] SystemI::createSoundInternal             : exinfo->userseek           = 00007FFC32D11290
[LOG] SystemI::createSoundInternal             : exinfo->fileuserdata       = 000000005C721898
[LOG] SystemI::createSoundInternal             : exinfo->initialseekpostype = 1
[LOG] SystemI::DSPCodecPoolRegister            : register codec pool for pool type 5
[LOG] SystemI::createSoundInternal             : Sample 0/1: name='Fly_M_FoodPU_01', format=2, channels=1, frequency=48000, lengthbytes=5792, lengthpcm=30469, pcmblocksize=0, loopstart=0, loopend=0, mode=0x00000000, channelmask=0x00000000, channelorder=0, peakvolume=0.642352.
[LOG] SystemI::createSoundInternal             : Create name='', mode=0x02000202
[LOG] SystemI::createSoundInternal             : exinfo->cbsize             = 232
[LOG] SystemI::createSoundInternal             : exinfo->length             = 2762912
[LOG] SystemI::createSoundInternal             : exinfo->fileoffset         = 76512
[LOG] SystemI::createSoundInternal             : exinfo->numsubsounds       = 1
[LOG] SystemI::createSoundInternal             : exinfo->inclusionlist      = 00000000733AF5CC
[LOG] SystemI::createSoundInternal             : exinfo->inclusionlistnum   = 1
[LOG] SystemI::createSoundInternal             : exinfo->suggestedsoundtype = 5
[LOG] SystemI::createSoundInternal             : exinfo->useropen           = 00007FFC32D11100
[LOG] SystemI::createSoundInternal             : exinfo->userclose          = 00007FFC32D110D0
[LOG] SystemI::createSoundInternal             : exinfo->userread           = 00007FFC32D111D0
[LOG] SystemI::createSoundInternal             : exinfo->userseek           = 00007FFC32D11290
[LOG] SystemI::createSoundInternal             : exinfo->fileuserdata       = 000000005C721898
[LOG] SystemI::createSoundInternal             : exinfo->initialseekpostype = 1
[LOG] SystemI::DSPCodecPoolRegister            : register codec pool for pool type 5
[LOG] SystemI::createSoundInternal             : Sample 0/1: name='Fly_M_FoodPU_03', format=2, channels=1, frequency=48000, lengthbytes=8128, lengthpcm=44219, pcmblocksize=0, loopstart=0, loopend=0, mode=0x00000000, channelmask=0x00000000, channelorder=0, peakvolume=0.507612.
[LOG] SystemI::createSoundInternal             : Create name='', mode=0x02000202
[LOG] SystemI::createSoundInternal             : exinfo->cbsize             = 232
[LOG] SystemI::createSoundInternal             : exinfo->length             = 2762912
[LOG] SystemI::createSoundInternal             : exinfo->fileoffset         = 76512
[LOG] SystemI::createSoundInternal             : exinfo->numsubsounds       = 1
[LOG] SystemI::createSoundInternal             : exinfo->inclusionlist      = 00000000733AF5CC
[LOG] SystemI::createSoundInternal             : exinfo->inclusionlistnum   = 1
[LOG] SystemI::createSoundInternal             : exinfo->suggestedsoundtype = 5
[LOG] SystemI::createSoundInternal             : exinfo->useropen           = 00007FFC32D11100
[LOG] SystemI::createSoundInternal             : exinfo->userclose          = 00007FFC32D110D0
[LOG] SystemI::createSoundInternal             : exinfo->userread           = 00007FFC32D111D0
[LOG] SystemI::createSoundInternal             : exinfo->userseek           = 00007FFC32D11290
[LOG] SystemI::createSoundInternal             : exinfo->fileuserdata       = 000000005C721898
[LOG] SystemI::createSoundInternal             : exinfo->initialseekpostype = 1
[LOG] SystemI::DSPCodecPoolRegister            : register codec pool for pool type 5
[LOG] SystemI::createSoundInternal             : Sample 0/1: name='Fly_M_FoodPU_06', format=2, channels=1, frequency=48000, lengthbytes=7968, lengthpcm=44203, pcmblocksize=0, loopstart=0, loopend=0, mode=0x00000000, channelmask=0x00000000, channelorder=0, peakvolume=0.683545.
[LOG] SystemI::createSoundInternal             : Create name='', mode=0x02000202
[LOG] SystemI::createSoundInternal             : exinfo->cbsize             = 232
[LOG] SystemI::createSoundInternal             : exinfo->length             = 2762912
[LOG] SystemI::createSoundInternal             : exinfo->fileoffset         = 76512
[LOG] SystemI::createSoundInternal             : exinfo->numsubsounds       = 1
[LOG] SystemI::createSoundInternal             : exinfo->inclusionlist      = 00000000733AF5CC
[LOG] SystemI::createSoundInternal             : exinfo->inclusionlistnum   = 1
[LOG] SystemI::createSoundInternal             : exinfo->suggestedsoundtype = 5
[LOG] SystemI::createSoundInternal             : exinfo->useropen           = 00007FFC32D11100
[LOG] SystemI::createSoundInternal             : exinfo->userclose          = 00007FFC32D110D0
[LOG] SystemI::createSoundInternal             : exinfo->userread           = 00007FFC32D111D0
[LOG] SystemI::createSoundInternal             : exinfo->userseek           = 00007FFC32D11290
[LOG] SystemI::createSoundInternal             : exinfo->fileuserdata       = 000000005C721898
[LOG] SystemI::createSoundInternal             : exinfo->initialseekpostype = 1
[LOG] SystemI::DSPCodecPoolRegister            : register codec pool for pool type 5
[LOG] SystemI::createSoundInternal             : Sample 0/1: name='Fly_M_FoodPU_04', format=2, channels=1, frequency=48000, lengthbytes=7456, lengthpcm=41472, pcmblocksize=0, loopstart=0, loopend=0, mode=0x00000000, channelmask=0x00000000, channelorder=0, peakvolume=0.513419.
[LOG] SystemI::createSoundInternal             : Create name='', mode=0x02000202
[LOG] SystemI::createSoundInternal             : exinfo->cbsize             = 232
[LOG] SystemI::createSoundInternal             : exinfo->length             = 2762912
[LOG] SystemI::createSoundInternal             : exinfo->fileoffset         = 76512
[LOG] SystemI::createSoundInternal             : exinfo->numsubsounds       = 1
[LOG] SystemI::createSoundInternal             : exinfo->inclusionlist      = 00000000733AF5CC
[LOG] SystemI::createSoundInternal             : exinfo->inclusionlistnum   = 1
[LOG] SystemI::createSoundInternal             : exinfo->suggestedsoundtype = 5
[LOG] SystemI::createSoundInternal             : exinfo->useropen           = 00007FFC32D11100
[LOG] SystemI::createSoundInternal             : exinfo->userclose          = 00007FFC32D110D0
[LOG] SystemI::createSoundInternal             : exinfo->userread           = 00007FFC32D111D0
[LOG] SystemI::createSoundInternal             : exinfo->userseek           = 00007FFC32D11290
[LOG] SystemI::createSoundInternal             : exinfo->fileuserdata       = 000000005C721898
[LOG] SystemI::createSoundInternal             : exinfo->initialseekpostype = 1
[LOG] SystemI::DSPCodecPoolRegister            : register codec pool for pool type 5
[LOG] SystemI::createSoundInternal             : Sample 0/1: name='Fly_M_FoodPU_05', format=2, channels=1, frequency=48000, lengthbytes=5856, lengthpcm=30333, pcmblocksize=0, loopstart=0, loopend=0, mode=0x00000000, channelmask=0x00000000, channelorder=0, peakvolume=0.632565.
[LOG] SystemI::createSoundInternal             : Create name='', mode=0x02000202
[LOG] SystemI::createSoundInternal             : exinfo->cbsize             = 232
[LOG] SystemI::createSoundInternal             : exinfo->length             = 2762912
[LOG] SystemI::createSoundInternal             : exinfo->fileoffset         = 76512
[LOG] SystemI::createSoundInternal             : exinfo->numsubsounds       = 1
[LOG] SystemI::createSoundInternal             : exinfo->inclusionlist      = 00000000733AF5CC
[LOG] SystemI::createSoundInternal             : exinfo->inclusionlistnum   = 1
[LOG] SystemI::createSoundInternal             : exinfo->suggestedsoundtype = 5
[LOG] SystemI::createSoundInternal             : exinfo->useropen           = 00007FFC32D11100
[LOG] SystemI::createSoundInternal             : exinfo->userclose          = 00007FFC32D110D0
[LOG] SystemI::createSoundInternal             : exinfo->userread           = 00007FFC32D111D0
[LOG] SystemI::createSoundInternal             : exinfo->userseek           = 00007FFC32D11290
[LOG] SystemI::createSoundInternal             : exinfo->fileuserdata       = 000000005C721898
[LOG] SystemI::createSoundInternal             : exinfo->initialseekpostype = 1
[LOG] SystemI::DSPCodecPoolRegister            : register codec pool for pool type 5
[LOG] SystemI::createSoundInternal             : Sample 0/1: name='Fly_F_FoodPU_03', format=2, channels=1, frequency=48000, lengthbytes=8352, lengthpcm=44333, pcmblocksize=0, loopstart=0, loopend=0, mode=0x00000000, channelmask=0x00000000, channelorder=0, peakvolume=0.156582.
[LOG] SystemI::createSound                     : filename = C:\Users\User\Documents\GGJ-2019\GGJ19/Master Bank.bank : mode 02010082
[LOG] SystemI::createSound                     : FMOD_NONBLOCKING specified.  Putting into queue to be opened asynchronously!
[LOG] SystemI::createSound                     : setdata soundi = 000000004821CEE8 : node = 000000004837FB50
[LOG] SystemI::createSound                     : add node to async list : head = 000000005B840DD8.  list count = 0
[LOG] AsyncThread::threadFunc                  : Starting Asynchronous operation on sound 000000004821CEE8
[LOG] SystemI::createSoundInternal             :     Create name='C:\Users\User\Documents\GGJ-2019\GGJ19/Master Bank.bank', mode=0x02010082
[LOG] SystemI::createSoundInternal             :     exinfo->cbsize             = 232
[LOG] SystemI::createSoundInternal             :     exinfo->length             = 2762912
[LOG] SystemI::createSoundInternal             :     exinfo->fileoffset         = 76512
[LOG] SystemI::createSoundInternal             :     exinfo->numsubsounds       = 1
[LOG] SystemI::createSoundInternal             :     exinfo->inclusionlist      = 000000004837FC68
[LOG] SystemI::createSoundInternal             :     exinfo->inclusionlistnum   = 1
[LOG] SystemI::createSoundInternal             :     exinfo->suggestedsoundtype = 5
[LOG] SystemI::createSoundInternal             :     exinfo->initialseekpostype = 1
[LOG] SystemI::createSoundInternal             :     Stream 0/1: name='Fly_M_Buzz_02', format=2, channels=1, frequency=48000, lengthbytes=87072, lengthpcm=466581, pcmblocksize=0, loopstart=0, loopend=0, mode=0x00000000, channelmask=0x00000000, channelorder=0, peakvolume=0.398306.
[LOG] AsyncThread::threadFunc                  : Finished Asynchronous operation on sound 000000004821CEE8
[LOG] SoundI::getSubSound                      : sound 000000004821CEE8.  Subsound index 0 / 1
[LOG] AsyncThread::threadFunc                  : Starting Asynchronous operation on sound 000000004821D3F8
[LOG] AsyncThread::threadFunc                  : Finished Asynchronous operation on sound 000000004821D3F8
[LOG] SystemI::createSound                     : filename = C:\Users\User\Documents\GGJ-2019\GGJ19/Master Bank.bank : mode 02010082
[LOG] SystemI::createSound                     : FMOD_NONBLOCKING specified.  Putting into queue to be opened asynchronously!
[LOG] SystemI::createSound                     : setdata soundi = 000000004821D5A8 : node = 000000004837E650
[LOG] SystemI::createSound                     : add node to async list : head = 000000005B840DD8.  list count = 0
[LOG] AsyncThread::threadFunc                  : Starting Asynchronous operation on sound 000000004821D5A8
[LOG] SystemI::createSoundInternal             :     Create name='C:\Users\User\Documents\GGJ-2019\GGJ19/Master Bank.bank', mode=0x02010082
[LOG] SystemI::createSoundInternal             :     exinfo->cbsize             = 232
[LOG] SystemI::createSoundInternal             :     exinfo->length             = 2762912
[LOG] SystemI::createSoundInternal             :     exinfo->fileoffset         = 76512
[LOG] SystemI::createSoundInternal             :     exinfo->numsubsounds       = 1
[LOG] SystemI::createSoundInternal             :     exinfo->inclusionlist      = 000000004837E768
[LOG] SystemI::createSoundInternal             :     exinfo->inclusionlistnum   = 1
[LOG] SystemI::createSoundInternal             :     exinfo->suggestedsoundtype = 5
[LOG] SystemI::createSoundInternal             :     exinfo->initialseekpostype = 1
[LOG] SystemI::createSoundInternal             :     Stream 0/1: name='Fly_M_Buzz_01', format=2, channels=1, frequency=48000, lengthbytes=81248, lengthpcm=450160, pcmblocksize=0, loopstart=0, loopend=0, mode=0x00000000, channelmask=0x00000000, channelorder=0, peakvolume=0.352464.
[LOG] AsyncThread::threadFunc                  : Finished Asynchronous operation on sound 000000004821D5A8
[LOG] SoundI::getSubSound                      : sound 000000004821D5A8.  Subsound index 0 / 1
[LOG] AsyncThread::threadFunc                  : Starting Asynchronous operation on sound 000000003E8DFD18
[LOG] AsyncThread::threadFunc                  : Finished Asynchronous operation on sound 000000003E8DFD18
[LOG] SystemI::createSound                     : filename = C:\Users\User\Documents\GGJ-2019\GGJ19/Master Bank.bank : mode 02010082
[LOG] SystemI::createSound                     : FMOD_NONBLOCKING specified.  Putting into queue to be opened asynchronously!
[LOG] SystemI::createSound                     : setdata soundi = 000000003E8DF658 : node = 000000004837E500
[LOG] SystemI::createSound                     : add node to async list : head = 000000005B840DD8.  list count = 0
[LOG] AsyncThread::threadFunc                  : Starting Asynchronous operation on sound 000000003E8DF658
[LOG] SystemI::createSoundInternal             :     Create name='C:\Users\User\Documents\GGJ-2019\GGJ19/Master Bank.bank', mode=0x02010082
[LOG] SystemI::createSoundInternal             :     exinfo->cbsize             = 232
[LOG] SystemI::createSoundInternal             :     exinfo->length             = 2762912
[LOG] SystemI::createSoundInternal             :     exinfo->fileoffset         = 76512
[LOG] SystemI::createSoundInternal             :     exinfo->numsubsounds       = 1
[LOG] SystemI::createSoundInternal             :     exinfo->inclusionlist      = 000000004837E618
[LOG] SystemI::createSoundInternal             :     exinfo->inclusionlistnum   = 1
[LOG] SystemI::createSoundInternal             :     exinfo->suggestedsoundtype = 5
[LOG] SystemI::createSoundInternal             :     exinfo->initialseekpostype = 1
[LOG] SystemI::createSoundInternal             :     Stream 0/1: name='Fly_M_Buzz_03', format=2, channels=1, frequency=48000, lengthbytes=89184, lengthpcm=480867, pcmblocksize=0, loopstart=0, loopend=0, mode=0x00000000, channelmask=0x00000000, channelorder=0, peakvolume=0.352669.
[LOG] AsyncThread::threadFunc                  : Finished Asynchronous operation on sound 000000003E8DF658
[LOG] SoundI::getSubSound                      : sound 000000003E8DF658.  Subsound index 0 / 1
[LOG] AsyncThread::threadFunc                  : Starting Asynchronous operation on sound 000000003E8E0228
[LOG] AsyncThread::threadFunc                  : Finished Asynchronous operation on sound 000000003E8E0228
[LOG] SystemI::createSound                     : filename = C:\Users\User\Documents\GGJ-2019\GGJ19/Master Bank.bank : mode 02010082
[LOG] SystemI::createSound                     : FMOD_NONBLOCKING specified.  Putting into queue to be opened asynchronously!
[LOG] SystemI::createSound                     : setdata soundi = 000000003E8E03D8 : node = 000000004837EE30
[LOG] SystemI::createSound                     : add node to async list : head = 000000005B840DD8.  list count = 0
[LOG] AsyncThread::threadFunc                  : Starting Asynchronous operation on sound 000000003E8E03D8
[LOG] SystemI::createSoundInternal             :     Create name='C:\Users\User\Documents\GGJ-2019\GGJ19/Master Bank.bank', mode=0x02010082
[LOG] SystemI::createSoundInternal             :     exinfo->cbsize             = 232
[LOG] SystemI::createSoundInternal             :     exinfo->length             = 2762912
[LOG] SystemI::createSoundInternal             :     exinfo->fileoffset         = 76512
[LOG] SystemI::createSoundInternal             :     exinfo->numsubsounds       = 1
[LOG] SystemI::createSoundInternal             :     exinfo->inclusionlist      = 000000004837EF48
[LOG] SystemI::createSoundInternal             :     exinfo->inclusionlistnum   = 1
[LOG] SystemI::createSoundInternal             :     exinfo->suggestedsoundtype = 5
[LOG] SystemI::createSoundInternal             :     exinfo->initialseekpostype = 1
[LOG] SystemI::createSoundInternal             :     Stream 0/1: name='Fly_M_Buzz_02', format=2, channels=1, frequency=48000, lengthbytes=87072, lengthpcm=466581, pcmblocksize=0, loopstart=0, loopend=0, mode=0x00000000, channelmask=0x00000000, channelorder=0, peakvolume=0.398306.
[LOG] AsyncThread::threadFunc                  : Finished Asynchronous operation on sound 000000003E8E03D8
[LOG] SoundI::getSubSound                      : sound 000000003E8E03D8.  Subsound index 0 / 1
[LOG] AsyncThread::threadFunc                  : Starting Asynchronous operation on sound 000000005C0FF8E8
[LOG] AsyncThread::threadFunc                  : Finished Asynchronous operation on sound 000000005C0FF8E8
[LOG] SoundI::release                          : Fly_M_Buzz_02 (000000005B4C6DF8)
[LOG] SoundI::release                          :     Fly_M_Buzz_02 (000000005B8417E8)
[LOG] SoundI::release                          :     Fly_M_Buzz_02 (000000005B4C7668)
[LOG] SystemI::createSound                     : filename = C:\Users\User\Documents\GGJ-2019\GGJ19/Master Bank.bank : mode 02010082
[LOG] SystemI::createSound                     : FMOD_NONBLOCKING specified.  Putting into queue to be opened asynchronously!
[LOG] SystemI::createSound                     : setdata soundi = 000000005C0FFC48 : node = 000000004837FA00
[LOG] SystemI::createSound                     : add node to async list : head = 000000005B840DD8.  list count = 0
[LOG] AsyncThread::threadFunc                  : Starting Asynchronous operation on sound 000000005C0FFC48
[LOG] SystemI::createSoundInternal             :     Create name='C:\Users\User\Documents\GGJ-2019\GGJ19/Master Bank.bank', mode=0x02010082
[LOG] SystemI::createSoundInternal             :     exinfo->cbsize             = 232
[LOG] SystemI::createSoundInternal             :     exinfo->length             = 2762912
[LOG] SystemI::createSoundInternal             :     exinfo->fileoffset         = 76512
[LOG] SystemI::createSoundInternal             :     exinfo->numsubsounds       = 1
[LOG] SystemI::createSoundInternal             :     exinfo->inclusionlist      = 000000004837FB18
[LOG] SystemI::createSoundInternal             :     exinfo->inclusionlistnum   = 1
[LOG] SystemI::createSoundInternal             :     exinfo->suggestedsoundtype = 5
[LOG] SystemI::createSoundInternal             :     exinfo->initialseekpostype = 1
[LOG] SystemI::createSoundInternal             :     Stream 0/1: name='Fly_M_Buzz_01', format=2, channels=1, frequency=48000, lengthbytes=81248, lengthpcm=450160, pcmblocksize=0, loopstart=0, loopend=0, mode=0x00000000, channelmask=0x00000000, channelorder=0, peakvolume=0.352464.
[LOG] AsyncThread::threadFunc                  : Finished Asynchronous operation on sound 000000005C0FFC48
[LOG] SoundI::getSubSound                      : sound 000000005C0FFC48.  Subsound index 0 / 1
[LOG] AsyncThread::threadFunc                  : Starting Asynchronous operation on sound 000000005C0FFDF8
[LOG] AsyncThread::threadFunc                  : Finished Asynchronous operation on sound 000000005C0FFDF8
[LOG] SoundI::release                          : Fly_M_Buzz_02 (000000004821CEE8)
[LOG] SoundI::release                          :     Fly_M_Buzz_02 (000000005C207C28)
[LOG] SoundI::release                          :     Fly_M_Buzz_02 (000000004821D3F8)
[LOG] SystemI::createSound                     : filename = C:\Users\User\Documents\GGJ-2019\GGJ19/Master Bank.bank : mode 02010082
[LOG] SystemI::createSound                     : FMOD_NONBLOCKING specified.  Putting into queue to be opened asynchronously!
[LOG] SystemI::createSound                     : setdata soundi = 000000005C0FF078 : node = 000000004837E110
[LOG] SystemI::createSound                     : add node to async list : head = 000000005B840DD8.  list count = 0
[LOG] AsyncThread::threadFunc                  : Starting Asynchronous operation on sound 000000005C0FF078
[LOG] SystemI::createSoundInternal             :     Create name='C:\Users\User\Documents\GGJ-2019\GGJ19/Master Bank.bank', mode=0x02010082
[LOG] SystemI::createSoundInternal             :     exinfo->cbsize             = 232
[LOG] SystemI::createSoundInternal             :     exinfo->length             = 2762912
[LOG] SystemI::createSoundInternal             :     exinfo->fileoffset         = 76512
[LOG] SystemI::createSoundInternal             :     exinfo->numsubsounds       = 1
[LOG] SystemI::createSoundInternal             :     exinfo->inclusionlist      = 000000004837E228
[LOG] SystemI::createSoundInternal             :     exinfo->inclusionlistnum   = 1
[LOG] SystemI::createSoundInternal             :     exinfo->suggestedsoundtype = 5
[LOG] SystemI::createSoundInternal             :     exinfo->initialseekpostype = 1
[LOG] SystemI::createSoundInternal             :     Stream 0/1: name='Fly_M_Buzz_03', format=2, channels=1, frequency=48000, lengthbytes=89184, lengthpcm=480867, pcmblocksize=0, loopstart=0, loopend=0, mode=0x00000000, channelmask=0x00000000, channelorder=0, peakvolume=0.352669.
[LOG] AsyncThread::threadFunc                  : Finished Asynchronous operation on sound 000000005C0FF078
[LOG] SoundI::getSubSound                      : sound 000000005C0FF078.  Subsound index 0 / 1
[LOG] AsyncThread::threadFunc                  : Starting Asynchronous operation on sound 000000005C0FF228
[LOG] AsyncThread::threadFunc                  : Finished Asynchronous operation on sound 000000005C0FF228
[LOG] SystemI::createSound                     : filename = C:\Users\User\Documents\GGJ-2019\GGJ19/Master Bank.bank : mode 02010082
[LOG] SystemI::createSound                     : FMOD_NONBLOCKING specified.  Putting into queue to be opened asynchronously!
[LOG] SystemI::createSound                     : setdata soundi = 000000005C0FFA98 : node = 000000004837F610
[LOG] SystemI::createSound                     : add node to async list : head = 000000005B840DD8.  list count = 0
[LOG] AsyncThread::threadFunc                  : Starting Asynchronous operation on sound 000000005C0FFA98
[LOG] SystemI::createSoundInternal             :     Create name='C:\Users\User\Documents\GGJ-2019\GGJ19/Master Bank.bank', mode=0x02010082
[LOG] SystemI::createSoundInternal             :     exinfo->cbsize             = 232
[LOG] SystemI::createSoundInternal             :     exinfo->length             = 2762912
[LOG] SystemI::createSoundInternal             :     exinfo->fileoffset         = 76512
[LOG] SystemI::createSoundInternal             :     exinfo->numsubsounds       = 1
[LOG] SystemI::createSoundInternal             :     exinfo->inclusionlist      = 000000004837F728
[LOG] SystemI::createSoundInternal             :     exinfo->inclusionlistnum   = 1
[LOG] SystemI::createSoundInternal             :     exinfo->suggestedsoundtype = 5
[LOG] SystemI::createSoundInternal             :     exinfo->initialseekpostype = 1
[LOG] SystemI::createSoundInternal             :     Stream 0/1: name='Fly_M_Buzz_02', format=2, channels=1, frequency=48000, lengthbytes=87072, lengthpcm=466581, pcmblocksize=0, loopstart=0, loopend=0, mode=0x00000000, channelmask=0x00000000, channelorder=0, peakvolume=0.398306.
[LOG] AsyncThread::threadFunc                  : Finished Asynchronous operation on sound 000000005C0FFA98
[LOG] SoundI::getSubSound                      : sound 000000005C0FFA98.  Subsound index 0 / 1
[LOG] AsyncThread::threadFunc                  : Starting Asynchronous operation on sound 000000005C0FF3D8
[LOG] AsyncThread::threadFunc                  : Finished Asynchronous operation on sound 000000005C0FF3D8
[LOG] SystemI::createSound                     : filename = C:\Users\User\Documents\GGJ-2019\GGJ19/Master Bank.bank : mode 02010082
[LOG] SystemI::createSound                     : FMOD_NONBLOCKING specified.  Putting into queue to be opened asynchronously!
[LOG] SystemI::createSound                     : setdata soundi = 000000005C0FF588 : node = 000000004837FB50
[LOG] SystemI::createSound                     : add node to async list : head = 000000005B840DD8.  list count = 0
[LOG] AsyncThread::threadFunc                  : Starting Asynchronous operation on sound 000000005C0FF588
[LOG] SystemI::createSoundInternal             :     Create name='C:\Users\User\Documents\GGJ-2019\GGJ19/Master Bank.bank', mode=0x02010082
[LOG] SystemI::createSoundInternal             :     exinfo->cbsize             = 232
[LOG] SystemI::createSoundInternal             :     exinfo->length             = 2762912
[LOG] SystemI::createSoundInternal             :     exinfo->fileoffset         = 76512
[LOG] SystemI::createSoundInternal             :     exinfo->numsubsounds       = 1
[LOG] SystemI::createSoundInternal             :     exinfo->inclusionlist      = 000000004837FC68
[LOG] SystemI::createSoundInternal             :     exinfo->inclusionlistnum   = 1
[LOG] SystemI::createSoundInternal             :     exinfo->suggestedsoundtype = 5
[LOG] SystemI::createSoundInternal             :     exinfo->initialseekpostype = 1
[LOG] SystemI::createSoundInternal             :     Stream 0/1: name='Fly_M_Buzz_01', format=2, channels=1, frequency=48000, lengthbytes=81248, lengthpcm=450160, pcmblocksize=0, loopstart=0, loopend=0, mode=0x00000000, channelmask=0x00000000, channelorder=0, peakvolume=0.352464.
[LOG] AsyncThread::threadFunc                  : Finished Asynchronous operation on sound 000000005C0FF588
[LOG] SoundI::getSubSound                      : sound 000000005C0FF588.  Subsound index 0 / 1
[LOG] SoundI::release                          : Fly_M_Buzz_03 (000000003E8DF658)
[LOG] SoundI::release                          :     Fly_M_Buzz_03 (000000005C207DC8)
[LOG] SoundI::release                          :     Fly_M_Buzz_03 (000000003E8E0228)
[LOG] AsyncThread::threadFunc                  : Starting Asynchronous operation on sound 000000005C0FF738
[LOG] AsyncThread::threadFunc                  : Finished Asynchronous operation on sound 000000005C0FF738
[LOG] SystemI::createSound                     : filename = C:\Users\User\Documents\GGJ-2019\GGJ19/Master Bank.bank : mode 02010082
[LOG] SystemI::createSound                     : FMOD_NONBLOCKING specified.  Putting into queue to be opened asynchronously!
[LOG] SystemI::createSound                     : setdata soundi = 000000005B4C6DF8 : node = 000000004837F760
[LOG] SystemI::createSound                     : add node to async list : head = 000000005B840DD8.  list count = 0
[LOG] AsyncThread::threadFunc                  : Starting Asynchronous operation on sound 000000005B4C6DF8
[LOG] SystemI::createSoundInternal             :     Create name='C:\Users\User\Documents\GGJ-2019\GGJ19/Master Bank.bank', mode=0x02010082
[LOG] SystemI::createSoundInternal             :     exinfo->cbsize             = 232
[LOG] SystemI::createSoundInternal             :     exinfo->length             = 2762912
[LOG] SystemI::createSoundInternal             :     exinfo->fileoffset         = 76512
[LOG] SystemI::createSoundInternal             :     exinfo->numsubsounds       = 1
[LOG] SystemI::createSoundInternal             :     exinfo->inclusionlist      = 000000004837F878
[LOG] SystemI::createSoundInternal             :     exinfo->inclusionlistnum   = 1
[LOG] SystemI::createSoundInternal             :     exinfo->suggestedsoundtype = 5
[LOG] SystemI::createSoundInternal             :     exinfo->initialseekpostype = 1
[LOG] SystemI::createSoundInternal             :     Stream 0/1: name='Fly_M_Buzz_03', format=2, channels=1, frequency=48000, lengthbytes=89184, lengthpcm=480867, pcmblocksize=0, loopstart=0, loopend=0, mode=0x00000000, channelmask=0x00000000, channelorder=0, peakvolume=0.352669.
[LOG] AsyncThread::threadFunc                  : Finished Asynchronous operation on sound 000000005B4C6DF8
[LOG] SoundI::getSubSound                      : sound 000000005B4C6DF8.  Subsound index 0 / 1
[LOG] AsyncThread::threadFunc                  : Starting Asynchronous operation on sound 000000005B4C7668
[LOG] AsyncThread::threadFunc                  : Finished Asynchronous operation on sound 000000005B4C7668
[LOG] SystemI::createSound                     : filename = C:\Users\User\Documents\GGJ-2019\GGJ19/Master Bank.bank : mode 02010082
[LOG] SystemI::createSound                     : FMOD_NONBLOCKING specified.  Putting into queue to be opened asynchronously!
[LOG] SystemI::createSound                     : setdata soundi = 000000004821D3F8 : node = 000000004837ECE0
[LOG] SystemI::createSound                     : add node to async list : head = 000000005B840DD8.  list count = 0
[LOG] AsyncThread::threadFunc                  : Starting Asynchronous operation on sound 000000004821D3F8
[LOG] SystemI::createSoundInternal             :     Create name='C:\Users\User\Documents\GGJ-2019\GGJ19/Master Bank.bank', mode=0x02010082
[LOG] SystemI::createSoundInternal             :     exinfo->cbsize             = 232
[LOG] SystemI::createSoundInternal             :     exinfo->length             = 2762912
[LOG] SystemI::createSoundInternal             :     exinfo->fileoffset         = 76512
[LOG] SystemI::createSoundInternal             :     exinfo->numsubsounds       = 1
[LOG] SystemI::createSoundInternal             :     exinfo->inclusionlist      = 000000004837EDF8
[LOG] SystemI::createSoundInternal             :     exinfo->inclusionlistnum   = 1
[LOG] SystemI::createSoundInternal             :     exinfo->suggestedsoundtype = 5
[LOG] SystemI::createSoundInternal             :     exinfo->initialseekpostype = 1
[LOG] SystemI::createSoundInternal             :     Stream 0/1: name='Fly_M_Buzz_01', format=2, channels=1, frequency=48000, lengthbytes=81248, lengthpcm=450160, pcmblocksize=0, loopstart=0, loopend=0, mode=0x00000000, channelmask=0x00000000, channelorder=0, peakvolume=0.352464.
[LOG] AsyncThread::threadFunc                  : Finished Asynchronous operation on sound 000000004821D3F8
[LOG] SoundI::getSubSound                      : sound 000000004821D3F8.  Subsound index 0 / 1
[LOG] AsyncThread::threadFunc                  : Starting Asynchronous operation on sound 000000004821CEE8
[LOG] AsyncThread::threadFunc                  : Finished Asynchronous operation on sound 000000004821CEE8
[LOG] SoundI::release                          : Fly_M_Buzz_02 (000000003E8E03D8)
[LOG] SoundI::release                          :     Fly_M_Buzz_02 (000000005C207748)
[LOG] SoundI::release                          :     Fly_M_Buzz_02 (000000005C0FF8E8)
[LOG] SoundI::release                          : Fly_M_Buzz_01 (000000004821D5A8)
[LOG] SoundI::release                          :     Fly_M_Buzz_01 (000000005C207A88)
[LOG] SoundI::release                          :     Fly_M_Buzz_01 (000000003E8DFD18)
[LOG] SoundI::release                          :  (0000000048126078)
[LOG] SoundI::release                          :     Web_Splat_01 (000000005B840FC8)
[LOG] SoundI::release                          :  (000000004875A218)
[LOG] SoundI::release                          :     Web_Splat_02 (000000005B841648)
[LOG] SoundI::release                          :  (000000004875AF08)
[LOG] SoundI::release                          :     Web_Splat_03 (000000005B840E28)
[LOG] SoundI::release                          :  (000000005C105C58)
[LOG] SoundI::release                          :     Fly_F_FoodPU_01 (000000005C204DF8)
[LOG] SoundI::release                          :  (000000005C104B18)
[LOG] SoundI::release                          :     Fly_F_FoodPU_02 (000000005C2038D8)
[LOG] SoundI::release                          :  (000000005C105F38)
[LOG] SoundI::release                          :     Fly_F_FoodPU_03 (000000005C206708)
[LOG] SoundI::release                          :  (000000005C104C88)
[LOG] SoundI::release                          :     Fly_F_FoodPU_04 (000000005C204918)
[LOG] SoundI::release                          :  (000000005C104F68)
[LOG] SoundI::release                          :     Fly_M_FoodPU_01 (000000005C203258)
[LOG] SoundI::release                          :  (000000005C104DF8)
[LOG] SoundI::release                          :     Fly_M_FoodPU_02 (000000005C204C58)
[LOG] SoundI::release                          :  (000000005C105248)
[LOG] SoundI::release                          :     Fly_M_FoodPU_03 (000000005C203598)
[LOG] SoundI::release                          :  (000000005C105978)
[LOG] SoundI::release                          :     Fly_M_FoodPU_04 (000000005C204298)
[LOG] SoundI::release                          :  (000000005C105AE8)
[LOG] SoundI::release                          :     Fly_M_FoodPU_05 (000000005C207408)
[LOG] SoundI::release                          :  (000000005C105698)
[LOG] SoundI::release                          :     Fly_M_FoodPU_06 (000000005C2040F8)
[LOG] SoundI::release                          :  (000000005C105DC8)
[LOG] SoundI::release                          :     Fly_M_FoodPU_07 (000000005C2030B8)
[LOG] SoundI::release                          :  (000000004875B638)
[LOG] SoundI::release                          :     Trans-to-sec-3-perc (0000000052309E58)
[LOG] SoundI::release                          :  (000000004875B7A8)
[LOG] SoundI::release                          :     Intro-out (000000005B841988)
[LOG] SoundI::release                          :  (000000004875BBF8)
[LOG] SoundI::release                          :     Main-Section-2-perc (000000005230A4D8)
[LOG] SoundI::release                          :  (000000004875A7D8)
[LOG] SoundI::release                          :     Main-Section-2 (0000000047E54098)
[LOG] SoundI::release                          :  (000000004875A0A8)
[LOG] SoundI::release                          :     Trans-to-sec-2 (000000005230A338)
[LOG] SoundI::release                          :  (000000004875AD98)
[LOG] SoundI::release                          :     Trans-to-sec-3 (000000005230AB58)
[LOG] SoundI::release                          :  (000000004875BD68)
[LOG] SoundI::release                          :     Trans-to-sec-1 (000000005B841E68)
[LOG] SoundI::release                          :  (000000004875B358)
[LOG] SoundI::release                          :     Main-Section-1-perc (000000005230A678)
[LOG] SoundI::release                          :  (000000004875A948)
[LOG] SoundI::release                          :     Main-Section-1 (000000005B840AE8)
[LOG] SoundI::release                          :  (000000005C1050D8)
[LOG] SoundI::release                          :     Fly_M_Struggle_01 (000000005C203DB8)
[LOG] SoundI::release                          :  (0000000048125D98)
[LOG] SoundI::release                          :     Fly_M_Struggle_02 (000000005B842348)
[LOG] SoundI::release                          : Fly_M_Buzz_01 (000000004821D3F8)
[LOG] SoundI::release                          :     Fly_M_Buzz_01 (000000005C207DC8)
[LOG] SoundI::release                          :     Fly_M_Buzz_01 (000000004821CEE8)
[LOG] SoundI::release                          : Fly_M_Buzz_03 (000000005B4C6DF8)
[LOG] SoundI::release                          :     Fly_M_Buzz_03 (000000005C208108)
[LOG] SoundI::release                          :     Fly_M_Buzz_03 (000000005B4C7668)
[LOG] SoundI::release                          : Fly_M_Buzz_01 (000000005C0FF588)
[LOG] SoundI::release                          :     Fly_M_Buzz_01 (000000005C2078E8)
[LOG] SoundI::release                          :     Fly_M_Buzz_01 (000000005C0FF738)
[LOG] SoundI::release                          : Fly_M_Buzz_02 (000000005C0FFA98)
[LOG] SoundI::release                          :     Fly_M_Buzz_02 (000000005C207C28)
[LOG] SoundI::release                          :     Fly_M_Buzz_02 (000000005C0FF3D8)
[LOG] SoundI::release                          : Fly_M_Buzz_03 (000000005C0FF078)
[LOG] SoundI::release                          :     Fly_M_Buzz_03 (000000005C206A48)
[LOG] SoundI::release                          :     Fly_M_Buzz_03 (000000005C0FF228)
[LOG] SoundI::release                          : Fly_M_Buzz_03 (000000005B4C5D18)
[LOG] SoundI::release                          :     Fly_M_Buzz_03 (000000005B842008)
[LOG] SoundI::release                          :     Fly_M_Buzz_03 (000000004821C9D8)
[LOG] SoundI::release                          : Fly_M_Buzz_01 (000000005B4C5B68)
[LOG] SoundI::release                          :     Fly_M_Buzz_01 (000000005B841168)
[LOG] SoundI::release                          :     Fly_M_Buzz_01 (000000005B4C7308)
[LOG] SoundI::release                          : Fly_M_Buzz_03 (000000005B4C68E8)
[LOG] SoundI::release                          :     Fly_M_Buzz_03 (000000005B8414A8)
[LOG] SoundI::release                          :     Fly_M_Buzz_03 (000000005B4C6C48)
[LOG] SoundI::release                          : Fly_M_Buzz_01 (000000005C0FFC48)
[LOG] SoundI::release                          :     Fly_M_Buzz_01 (000000005C2075A8)
[LOG] SoundI::release                          :     Fly_M_Buzz_01 (000000005C0FFDF8)
[LOG] SoundI::release                          :  (0000000048125948)
[LOG] SoundI::release                          :     Fly_M_Struggle_03 (000000005B8421A8)
[LOG] SoundI::release                          :  (000000005C106668)
[LOG] SoundI::release                          :     Fly_M_Struggle_04 (000000005C203738)
[LOG] SoundI::release                          :  (000000005C105808)
[LOG] SoundI::release                          :     Fly_M_Struggle_05 (000000005C204778)
[LOG] SoundI::release                          :  (000000005C1053B8)
[LOG] SoundI::release                          :     Fly_M_Struggle_06 (000000005C203F58)
[LOG] SoundI::release                          :  (00000000481254F8)
[LOG] SoundI::release                          :     Fly_M_Struggle_07 (000000005B8424E8)
[LOG] SoundI::release                          :  (000000005C105528)
[LOG] SoundI::release                          :     Fly_M_Struggle_08 (000000005C2033F8)
[LOG] SoundI::release                          :  (000000005C1064F8)
[LOG] SoundI::release                          :     Fly_F_Struggle_01 (000000005C203C18)
[LOG] SoundI::release                          :  (000000005C106218)
[LOG] SoundI::release                          :     Fly_F_Struggle_02 (000000005C204438)
[LOG] SoundI::release                          :  (000000000088B5E8)
[LOG] SoundI::release                          :     Fly_F_Struggle_03 (000000005B8407A8)
[LOG] SoundI::release                          :  (0000000015314DB8)
[LOG] SoundI::release                          :     Fly_F_Struggle_04 (000000005B840948)
[LOG] SoundI::release                          :  (000000005C106388)
[LOG] SoundI::release                          :     Fly_F_Struggle_05 (000000005C204AB8)
[LOG] SoundI::release                          :  (000000005C106948)
[LOG] SoundI::release                          :     Fly_F_Struggle_06 (000000005C2045D8)
[LOG] SoundI::release                          :  (000000005C1067D8)
[LOG] SoundI::release                          :     Fly_F_Struggle_07 (000000005C203A78)
[LOG] SoundI::release                          :  (000000004875B918)
[LOG] SoundI::release                          :     Fly_F_Buzz_01 (000000005B841308)
[LOG] SoundI::release                          :  (000000004875BA88)
[LOG] SoundI::release                          :     Fly_F_Buzz_02 (000000005B841CC8)
[LOG] Thread::callback                         : FMOD Studio update thread finished.
[LOG] Thread::callback                         : FMOD Studio bank load thread finished.
[LOG] Profile::disconnectAll                   : Profiler disconnecting all clients
[LOG] Thread::callback                         : FMOD Studio sample load thread finished.
[LOG] LiveUpdate::release                      : 
[LOG] LiveUpdate::reset                        : Reset connection (reason Disconnected)
[LOG] Thread::callback                         : FMOD stream thread finished.
[LOG] Thread::callback                         : FMOD mixer thread finished.
[LOG] Profile::disconnectAll                   : Profiler disconnecting all clients
[LOG] SystemI::close                           : Closed.
